<?xml version="1.0" encoding="UTF-8"?>
<!-- Generated by org.testng.reporters.JUnitReportReporter -->
<testsuite hostname="DESKTOP-A3C766P" failures="0" tests="2" name="Pract1.HiiiTest" time="0.011" errors="0" timestamp="2023-05-31T12:55:17 IST" skipped="0">
  <testcase classname="Pract1.HiiiTest" name="hi" time="0.001"/>
  <system-out/>
  <testcase classname="Pract1.HiiiTest" name="hello" time="0.010"/>
  <system-out/>
</testsuite> <!-- Pract1.HiiiTest -->
