<?xml version="1.0" encoding="UTF-8"?>
<!-- Generated by org.testng.reporters.JUnitReportReporter -->
<testsuite hostname="DESKTOP-A3C766P" failures="0" tests="3" name="Pract2.Day3Test" time="0.014" errors="0" timestamp="2023-05-31T12:44:42 IST" skipped="0">
  <testcase classname="Pract2.Day3Test" name="Demo" time="0.009"/>
  <system-out/>
  <testcase classname="Pract2.Day3Test" name="sample" time="0.003"/>
  <system-out/>
  <testcase classname="Pract2.Day3Test" name="Punter" time="0.002"/>
  <system-out/>
</testsuite> <!-- Pract2.Day3Test -->
