<?xml version="1.0" encoding="UTF-8"?>
<!-- Generated by org.testng.reporters.JUnitReportReporter -->
<testsuite hostname="DESKTOP-A3C766P" failures="0" tests="2" name="Pract2.Day4Test" time="0.014" errors="0" timestamp="2023-05-31T12:46:49 IST" skipped="0">
  <testcase classname="Pract2.Day4Test" name="testyantra" time="0.003"/>
  <system-out/>
  <testcase classname="Pract2.Day4Test" name="Qspider" time="0.011"/>
  <system-out/>
</testsuite> <!-- Pract2.Day4Test -->
